<?xml version="1.0" encoding="UTF-8"?>
<testsuite xmlns:xsi="http://www.w3.org/2001/XMLSchema-instance" xsi:noNamespaceSchemaLocation="https://maven.apache.org/surefire/maven-surefire-plugin/xsd/surefire-test-report-3.0.xsd" version="3.0" name="com.blogging.bloging.BlogingApplicationTests" time="2.546" tests="1" errors="0" skipped="0" failures="0">
  <properties>
[...]
</properties>
  <testcase name="contextLoads" classname="com.blogging.bloging.BlogingApplicationTests" time="0.268">
    <system-out><![CDATA[14:59:45.840 [main] INFO org.springframework.test.context.support.AnnotationConfigContextLoaderUtils -- Could not detect default configuration classes for test class [com.blogging.bloging.BlogingApplicationTests]: BlogingApplicationTests does not declare any static, non-private, non-final, nested classes annotated with @Configuration.
14:59:45.882 [main] INFO org.springframework.boot.test.context.SpringBootTestContextBootstrapper -- Found @SpringBootConfiguration com.blogging.bloging.BlogingApplication for test class com.blogging.bloging.BlogingApplicationTests

  .   ____          _            __ _ _
 /\\ / ___'_ __ _ _(_)_ __  __ _ \ \ \ \
( ( )\___ | '_ | '_| | '_ \/ _` | \ \ \ \
 \\/  ___)| |_)| | | | | || (_| |  ) ) ) )
  '  |____| .__|_| |_|_| |_\__, | / / / /
 =========|_|==============|___/=/_/_/_/

 :: Spring Boot ::                (v3.3.3)

2024-09-21T14:59:46.033+05:30  WARN 1196 --- [bloging] [           main] ory$DuplicateJsonObjectContextCustomizer : 

Found multiple occurrences of org.json.JSONObject on the class path:

	jar:file:/Users/krishnapratapkumawat/.m2/repository/org/json/json/20231013/json-20231013.jar!/org/json/JSONObject.class
	jar:file:/Users/krishnapratapkumawat/.m2/repository/com/vaadin/external/google/android-json/0.0.20131108.vaadin1/android-json-0.0.20131108.vaadin1.jar!/org/json/JSONObject.class

You may wish to exclude one of them to ensure predictable runtime behavior

2024-09-21T14:59:46.040+05:30  INFO 1196 --- [bloging] [           main] c.b.bloging.BlogingApplicationTests      : Starting BlogingApplicationTests using Java 17.0.10 with PID 1196 (started by krishnapratapkumawat in /Users/krishnapratapkumawat/krishna/project/webapplicationCrud)
2024-09-21T14:59:46.040+05:30  INFO 1196 --- [bloging] [           main] c.b.bloging.BlogingApplicationTests      : No active profile set, falling back to 1 default profile: "default"
2024-09-21T14:59:46.451+05:30  INFO 1196 --- [bloging] [           main] .s.d.r.c.RepositoryConfigurationDelegate : Bootstrapping Spring Data JPA repositories in DEFAULT mode.
2024-09-21T14:59:46.517+05:30  INFO 1196 --- [bloging] [           main] .s.d.r.c.RepositoryConfigurationDelegate : Finished Spring Data repository scanning in 63 ms. Found 3 JPA repository interfaces.
2024-09-21T14:59:46.722+05:30  INFO 1196 --- [bloging] [           main] o.hibernate.jpa.internal.util.LogHelper  : HHH000204: Processing PersistenceUnitInfo [name: default]
2024-09-21T14:59:46.752+05:30  INFO 1196 --- [bloging] [           main] org.hibernate.Version                    : HHH000412: Hibernate ORM core version 6.5.2.Final
2024-09-21T14:59:46.756+05:30  WARN 1196 --- [bloging] [           main] org.hibernate.orm.deprecation            : HHH90000021: Encountered deprecated setting [javax.persistence.validation.mode], use [jakarta.persistence.validation.mode] instead
2024-09-21T14:59:46.766+05:30  INFO 1196 --- [bloging] [           main] o.h.c.internal.RegionFactoryInitiator    : HHH000026: Second-level cache disabled
2024-09-21T14:59:46.877+05:30  INFO 1196 --- [bloging] [           main] o.s.o.j.p.SpringPersistenceUnitInfo      : No LoadTimeWeaver setup: ignoring JPA class transformer
2024-09-21T14:59:46.887+05:30  INFO 1196 --- [bloging] [           main] com.zaxxer.hikari.HikariDataSource       : HikariPool-1 - Starting...
2024-09-21T14:59:47.054+05:30  INFO 1196 --- [bloging] [           main] com.zaxxer.hikari.pool.HikariPool        : HikariPool-1 - Added connection com.mysql.cj.jdbc.ConnectionImpl@2f166d61
2024-09-21T14:59:47.055+05:30  INFO 1196 --- [bloging] [           main] com.zaxxer.hikari.HikariDataSource       : HikariPool-1 - Start completed.
2024-09-21T14:59:47.082+05:30  WARN 1196 --- [bloging] [           main] org.hibernate.orm.deprecation            : HHH90000025: MySQL8Dialect does not need to be specified explicitly using 'hibernate.dialect' (remove the property setting and it will be selected by default)
2024-09-21T14:59:47.082+05:30  WARN 1196 --- [bloging] [           main] org.hibernate.orm.deprecation            : HHH90000026: MySQL8Dialect has been deprecated; use org.hibernate.dialect.MySQLDialect instead
2024-09-21T14:59:47.513+05:30  INFO 1196 --- [bloging] [           main] o.h.e.t.j.p.i.JtaPlatformInitiator       : HHH000489: No JTA platform available (set 'hibernate.transaction.jta.platform' to enable JTA platform integration)
2024-09-21T14:59:47.567+05:30  INFO 1196 --- [bloging] [           main] j.LocalContainerEntityManagerFactoryBean : Initialized JPA EntityManagerFactory for persistence unit 'default'
2024-09-21T14:59:48.031+05:30  INFO 1196 --- [bloging] [           main] c.b.bloging.BlogingApplicationTests      : Started BlogingApplicationTests in 2.093 seconds (process running for 2.518)
]]></system-out>
  </testcase>
</testsuite>